<?xml version="1.0" encoding="UTF-8"?>
<!-- Generated by org.testng.reporters.JUnitReportReporter -->
<testsuite hostname="LAPTOP-469NF3J6" failures="0" tests="1" name="testNGPractice.ConfigAnnotation" time="0.020" errors="0" timestamp="2025-08-02T12:04:24 IST" skipped="0">
  <testcase classname="testNGPractice.ConfigAnnotation" name="demo" time="0.020"/>
</testsuite> <!-- testNGPractice.ConfigAnnotation -->
