<?xml version="1.0" encoding="UTF-8"?>
<!-- Generated by org.testng.reporters.JUnitReportReporter -->
<testsuite hostname="LAPTOP-469NF3J6" failures="0" tests="1" name="ImplementationOfUtilities.CreateCampaignWithExpectedDate" time="22.384" errors="0" timestamp="2025-08-03T12:32:30 IST" skipped="0">
  <testcase classname="ImplementationOfUtilities.CreateCampaignWithExpectedDate" name="toCreateCampaignWithExpectedDate" time="22.384"/>
</testsuite> <!-- ImplementationOfUtilities.CreateCampaignWithExpectedDate -->
