<?xml version="1.0" encoding="UTF-8"?>
<!-- Generated by org.testng.reporters.JUnitReportReporter -->
<testsuite hostname="LAPTOP-469NF3J6" failures="0" tests="3" name="testNGPractice.DependsOnMethods" time="0.026" errors="0" timestamp="2025-07-24T20:18:39 IST" skipped="0">
  <testcase classname="testNGPractice.DependsOnMethods" name="addCart" time="0.021">
    <system-out>
      <![CDATA[added]]>
    </system-out>
  </testcase> <!-- addCart -->
  <testcase classname="testNGPractice.DependsOnMethods" name="deleteCart" time="0.004">
    <system-out>
      <![CDATA[deleted]]>
    </system-out>
  </testcase> <!-- deleteCart -->
  <testcase classname="testNGPractice.DependsOnMethods" name="editCart" time="0.001">
    <system-out>
      <![CDATA[edited]]>
    </system-out>
  </testcase> <!-- editCart -->
  <system-out>
    <![CDATA[added
edited
deleted]]>
  </system-out>
</testsuite> <!-- testNGPractice.DependsOnMethods -->
