<?xml version="1.0" encoding="UTF-8"?>
<!-- Generated by org.testng.reporters.JUnitReportReporter -->
<testsuite hostname="LAPTOP-469NF3J6" failures="0" tests="5" name="testNGPractice.Enabled" time="0.030" errors="0" timestamp="2025-07-24T19:53:28 IST" skipped="1">
  <testcase classname="testNGPractice.Enabled" name="b25" time="0.003">
    <system-out>
      <![CDATA[b25 executed]]>
    </system-out>
  </testcase> <!-- b25 -->
  <testcase classname="testNGPractice.Enabled" name="a11" time="0.020">
    <system-out>
      <![CDATA[a11 executed]]>
    </system-out>
  </testcase> <!-- a11 -->
  <testcase classname="testNGPractice.Enabled" name="a16" time="0.004">
    <system-out>
      <![CDATA[a16 executed]]>
    </system-out>
  </testcase> <!-- a16 -->
  <testcase classname="testNGPractice.Enabled" name="b11" time="0.003">
    <system-out>
      <![CDATA[b11 executed]]>
    </system-out>
  </testcase> <!-- b11 -->
  <testcase classname="testNGPractice.Enabled" name="a23">
    <skipped/>
  </testcase> <!-- a23 -->
  <system-out>
    <![CDATA[a11 executed
a16 executed
b11 executed
b25 executed]]>
  </system-out>
</testsuite> <!-- testNGPractice.Enabled -->
