<?xml version="1.0" encoding="UTF-8"?>
<!-- Generated by org.testng.reporters.JUnitReportReporter -->
<testsuite hostname="LAPTOP-469NF3J6" failures="0" tests="1" name="ImplementationOfUtilities.CreateCampaignWithMandatoryFields" time="18.312" errors="0" timestamp="2025-08-03T12:35:04 IST" skipped="0">
  <testcase classname="ImplementationOfUtilities.CreateCampaignWithMandatoryFields" name="toCreateCampaignWithMandatoryFields" time="18.312"/>
</testsuite> <!-- ImplementationOfUtilities.CreateCampaignWithMandatoryFields -->
