<?xml version="1.0" encoding="UTF-8"?>
<!-- Generated by org.testng.reporters.JUnitReportReporter -->
<testsuite hostname="LAPTOP-469NF3J6" failures="0" tests="3" name="testNGPractice.InvCount" time="17.790" errors="0" timestamp="2025-07-24T19:33:16 IST" skipped="0">
  <testcase classname="testNGPractice.InvCount" name="login" time="4.007"/>
  <testcase classname="testNGPractice.InvCount" name="login" time="3.859"/>
  <testcase classname="testNGPractice.InvCount" name="login" time="9.924"/>
</testsuite> <!-- testNGPractice.InvCount -->
