<?xml version="1.0" encoding="UTF-8"?>
<!-- Generated by org.testng.reporters.JUnitReportReporter -->
<testsuite hostname="LAPTOP-469NF3J6" failures="0" tests="3" name="testNGPractice.Dataprovider" time="0.022" errors="0" timestamp="2025-07-25T19:35:36 IST" skipped="0">
  <testcase classname="testNGPractice.Dataprovider" name="login" time="0.003"/>
  <testcase classname="testNGPractice.Dataprovider" name="login" time="0.004"/>
  <testcase classname="testNGPractice.Dataprovider" name="login" time="0.015"/>
</testsuite> <!-- testNGPractice.Dataprovider -->
