<?xml version="1.0" encoding="UTF-8"?>
<!-- Generated by org.testng.reporters.JUnitReportReporter -->
<testsuite hostname="LAPTOP-469NF3J6" failures="0" tests="1" name="testNGPractice.ScreenshotFacebook" time="7.164" errors="0" timestamp="2025-07-31T18:57:31 IST" skipped="0">
  <testcase classname="testNGPractice.ScreenshotFacebook" name="toTakeScreenshot" time="7.164"/>
</testsuite> <!-- testNGPractice.ScreenshotFacebook -->
