<?xml version="1.0" encoding="UTF-8"?>
<!-- Generated by org.testng.reporters.JUnitReportReporter -->
<testsuite hostname="LAPTOP-469NF3J6" failures="0" tests="4" name="testNGPractice.Priority" time="0.025" errors="0" timestamp="2025-07-24T19:35:11 IST" skipped="0">
  <testcase classname="testNGPractice.Priority" name="sub" time="0.020">
    <system-out>
      <![CDATA[sub]]>
    </system-out>
  </testcase> <!-- sub -->
  <testcase classname="testNGPractice.Priority" name="a16" time="0.001">
    <system-out>
      <![CDATA[a16 executed]]>
    </system-out>
  </testcase> <!-- a16 -->
  <testcase classname="testNGPractice.Priority" name="div" time="0.002">
    <system-out>
      <![CDATA[div]]>
    </system-out>
  </testcase> <!-- div -->
  <testcase classname="testNGPractice.Priority" name="add" time="0.002">
    <system-out>
      <![CDATA[add]]>
    </system-out>
  </testcase> <!-- add -->
  <system-out>
    <![CDATA[sub
a16 executed
div
add]]>
  </system-out>
</testsuite> <!-- testNGPractice.Priority -->
