<?xml version="1.0" encoding="UTF-8"?>
<!-- Generated by org.testng.reporters.JUnitReportReporter -->
<testsuite hostname="LAPTOP-469NF3J6" failures="0" tests="4" name="testNGPractice.Tps" time="20.423" errors="0" timestamp="2025-07-24T19:47:21 IST" skipped="0">
  <testcase classname="testNGPractice.Tps" name="login" time="5.305"/>
  <testcase classname="testNGPractice.Tps" name="login" time="4.697"/>
  <testcase classname="testNGPractice.Tps" name="login" time="5.411"/>
  <testcase classname="testNGPractice.Tps" name="login" time="5.010"/>
</testsuite> <!-- testNGPractice.Tps -->
