<?xml version="1.0" encoding="UTF-8"?>
<!-- Generated by org.testng.reporters.JUnitReportReporter -->
<testsuite hostname="LAPTOP-469NF3J6" failures="0" tests="1" name="ImplementationOfUtilities.CreateCampaignWithStatus" time="15.737" errors="0" timestamp="2025-08-03T12:49:39 IST" skipped="0">
  <testcase classname="ImplementationOfUtilities.CreateCampaignWithStatus" name="toCreateCampaignWithStatus" time="15.737"/>
</testsuite> <!-- ImplementationOfUtilities.CreateCampaignWithStatus -->
