<?xml version="1.0" encoding="UTF-8"?>
<!-- Generated by org.testng.reporters.JUnitReportReporter -->
<testsuite hostname="LAPTOP-469NF3J6" failures="0" tests="3" name="Campaign.CampaignTest" time="154.610" errors="0" timestamp="2025-08-04T18:24:52 IST" skipped="0">
  <testcase classname="Campaign.CampaignTest" name="toCreateCampaignWithStatusTest" time="69.183"/>
  <testcase classname="Campaign.CampaignTest" name="toCreateCampaignWithExpectedDateTest" time="47.479"/>
  <testcase classname="Campaign.CampaignTest" name="toCreateCampaignWithMandatoryFieldsTest" time="37.948"/>
</testsuite> <!-- Campaign.CampaignTest -->
