<?xml version="1.0" encoding="UTF-8"?>
<!-- Generated by org.testng.reporters.JUnitReportReporter -->
<testsuite hostname="LAPTOP-469NF3J6" failures="0" tests="5" name="testNGPractice.Demo" time="0.036" errors="0" timestamp="2025-07-23T20:34:45 IST" skipped="0">
  <testcase classname="testNGPractice.Demo" name="b11" time="0.002">
    <system-out>
      <![CDATA[b11 executed]]>
    </system-out>
  </testcase> <!-- b11 -->
  <testcase classname="testNGPractice.Demo" name="a11" time="0.027">
    <system-out>
      <![CDATA[a11 executed]]>
    </system-out>
  </testcase> <!-- a11 -->
  <testcase classname="testNGPractice.Demo" name="b25" time="0.003">
    <system-out>
      <![CDATA[b25 executed]]>
    </system-out>
  </testcase> <!-- b25 -->
  <testcase classname="testNGPractice.Demo" name="a16" time="0.001">
    <system-out>
      <![CDATA[a16 executed]]>
    </system-out>
  </testcase> <!-- a16 -->
  <testcase classname="testNGPractice.Demo" name="a23" time="0.003">
    <system-out>
      <![CDATA[a23 executed]]>
    </system-out>
  </testcase> <!-- a23 -->
  <system-out>
    <![CDATA[a11 executed
a16 executed
a23 executed
b11 executed
b25 executed]]>
  </system-out>
</testsuite> <!-- testNGPractice.Demo -->
